Flow report for Group3FinalProject
Fri Aug 14 12:03:58 2020
Quartus Prime Version 19.1.0 Build 670 09/22/2019 SJ Lite Edition


---------------------
; Table of Contents ;
---------------------
  1. Legal Notice
  2. Flow Summary
  3. Flow Settings
  4. Flow Non-Default Global Settings
  5. Flow Elapsed Time
  6. Flow OS Summary
  7. Flow Log
  8. Flow Messages
  9. Flow Suppressed Messages



----------------
; Legal Notice ;
----------------
Copyright (C) 2019  Intel Corporation. All rights reserved.
Your use of Intel Corporation's design tools, logic functions 
and other software and tools, and any partner logic 
functions, and any output files from any of the foregoing 
(including device programming or simulation files), and any 
associated documentation or information are expressly subject 
to the terms and conditions of the Intel Program License 
Subscription Agreement, the Intel Quartus Prime License Agreement,
the Intel FPGA IP License Agreement, or other applicable license
agreement, including, without limitation, that your use is for
the sole purpose of programming logic devices manufactured by
Intel and sold by Intel or its authorized distributors.  Please
refer to the applicable agreement for further details, at
https://fpgasoftware.intel.com/eula.



+----------------------------------------------------------------------------------+
; Flow Summary                                                                     ;
+------------------------------------+---------------------------------------------+
; Flow Status                        ; Successful - Fri Aug 14 12:03:53 2020       ;
; Quartus Prime Version              ; 19.1.0 Build 670 09/22/2019 SJ Lite Edition ;
; Revision Name                      ; Group3FinalProject                          ;
; Top-level Entity Name              ; VGA_Display_Module                          ;
; Family                             ; MAX 10                                      ;
; Device                             ; 10M50DAF484C7G                              ;
; Timing Models                      ; Final                                       ;
; Total logic elements               ; 186 / 49,760 ( < 1 % )                      ;
;     Total combinational functions  ; 185 / 49,760 ( < 1 % )                      ;
;     Dedicated logic registers      ; 23 / 49,760 ( < 1 % )                       ;
; Total registers                    ; 23                                          ;
; Total pins                         ; 26 / 360 ( 7 % )                            ;
; Total virtual pins                 ; 0                                           ;
; Total memory bits                  ; 3,072 / 1,677,312 ( < 1 % )                 ;
; Embedded Multiplier 9-bit elements ; 0 / 288 ( 0 % )                             ;
; Total PLLs                         ; 0 / 4 ( 0 % )                               ;
; UFM blocks                         ; 0 / 1 ( 0 % )                               ;
; ADC blocks                         ; 0 / 2 ( 0 % )                               ;
+------------------------------------+---------------------------------------------+


+-----------------------------------------+
; Flow Settings                           ;
+-------------------+---------------------+
; Option            ; Setting             ;
+-------------------+---------------------+
; Start date & time ; 08/14/2020 12:03:22 ;
; Main task         ; Compilation         ;
; Revision Name     ; Group3FinalProject  ;
+-------------------+---------------------+


+-------------------------------------------------------------------------------------------------------------------------------------+
; Flow Non-Default Global Settings                                                                                                    ;
+-------------------------------------+----------------------------------------+--------------------+--------------------+------------+
; Assignment Name                     ; Value                                  ; Default Value      ; Entity Name        ; Section Id ;
+-------------------------------------+----------------------------------------+--------------------+--------------------+------------+
; COMPILER_SIGNATURE_ID               ; 1095402182799.159743180231940          ; --                 ; --                 ; --         ;
; MAX_CORE_JUNCTION_TEMP              ; 85                                     ; --                 ; --                 ; --         ;
; MIN_CORE_JUNCTION_TEMP              ; 0                                      ; --                 ; --                 ; --         ;
; MISC_FILE                           ; VGA_ROM_Module.bsf                     ; --                 ; --                 ; --         ;
; MISC_FILE                           ; VGA_ROM_Module_bb.v                    ; --                 ; --                 ; --         ;
; OUTPUT_IO_TIMING_FAR_END_VMEAS      ; Half Signal Swing                      ; --                 ; --                 ; --         ;
; OUTPUT_IO_TIMING_FAR_END_VMEAS      ; Half Signal Swing                      ; --                 ; --                 ; --         ;
; OUTPUT_IO_TIMING_NEAR_END_VMEAS     ; Half Vccio                             ; --                 ; --                 ; --         ;
; OUTPUT_IO_TIMING_NEAR_END_VMEAS     ; Half Vccio                             ; --                 ; --                 ; --         ;
; PARTITION_COLOR                     ; -- (Not supported for targeted family) ; --                 ; VGA_Display_Module ; Top        ;
; PARTITION_FITTER_PRESERVATION_LEVEL ; -- (Not supported for targeted family) ; --                 ; VGA_Display_Module ; Top        ;
; PARTITION_NETLIST_TYPE              ; -- (Not supported for targeted family) ; --                 ; VGA_Display_Module ; Top        ;
; POWER_BOARD_THERMAL_MODEL           ; None (CONSERVATIVE)                    ; --                 ; --                 ; --         ;
; POWER_PRESET_COOLING_SOLUTION       ; 23 MM HEAT SINK WITH 200 LFPM AIRFLOW  ; --                 ; --                 ; --         ;
; PROJECT_OUTPUT_DIRECTORY            ; output_files                           ; --                 ; --                 ; --         ;
; TOP_LEVEL_ENTITY                    ; VGA_Display_Module                     ; Group3FinalProject ; --                 ; --         ;
+-------------------------------------+----------------------------------------+--------------------+--------------------+------------+


+--------------------------------------------------------------------------------------------------------------------------+
; Flow Elapsed Time                                                                                                        ;
+----------------------+--------------+-------------------------+---------------------+------------------------------------+
; Module Name          ; Elapsed Time ; Average Processors Used ; Peak Virtual Memory ; Total CPU Time (on all processors) ;
+----------------------+--------------+-------------------------+---------------------+------------------------------------+
; Analysis & Synthesis ; 00:00:11     ; 1.0                     ; 4795 MB             ; 00:00:20                           ;
; Fitter               ; 00:00:11     ; 1.1                     ; 5792 MB             ; 00:00:17                           ;
; Assembler            ; 00:00:04     ; 1.0                     ; 4703 MB             ; 00:00:03                           ;
; Timing Analyzer      ; 00:00:04     ; 1.2                     ; 4852 MB             ; 00:00:03                           ;
; Total                ; 00:00:30     ; --                      ; --                  ; 00:00:43                           ;
+----------------------+--------------+-------------------------+---------------------+------------------------------------+


+------------------------------------------------------------------------------------+
; Flow OS Summary                                                                    ;
+----------------------+------------------+------------+------------+----------------+
; Module Name          ; Machine Hostname ; OS Name    ; OS Version ; Processor type ;
+----------------------+------------------+------------+------------+----------------+
; Analysis & Synthesis ; Ben10            ; Windows 10 ; 10.0       ; x86_64         ;
; Fitter               ; Ben10            ; Windows 10 ; 10.0       ; x86_64         ;
; Assembler            ; Ben10            ; Windows 10 ; 10.0       ; x86_64         ;
; Timing Analyzer      ; Ben10            ; Windows 10 ; 10.0       ; x86_64         ;
+----------------------+------------------+------------+------------+----------------+


------------
; Flow Log ;
------------
quartus_map --read_settings_files=on --write_settings_files=off Group3FinalProject -c Group3FinalProject
quartus_fit --read_settings_files=off --write_settings_files=off Group3FinalProject -c Group3FinalProject
quartus_asm --read_settings_files=off --write_settings_files=off Group3FinalProject -c Group3FinalProject
quartus_sta Group3FinalProject -c Group3FinalProject



